[0.704s] Invoking command in '/home/phasya/LW/latihan_ws/src/latihanpy_pkg': PYTHONPATH=/home/phasya/LW/latihan_ws/src/build/latihanpy_pkg/prefix_override:/usr/lib/python3/dist-packages/colcon_core/task/python/colcon_distutils_commands:/home/phasya/LW/latihan_ws/src/install/latihanpy_pkg/lib/python3.10/site-packages:${PYTHONPATH} /usr/bin/python3 -W ignore:setup.py install is deprecated -W ignore:easy_install command is deprecated setup.py egg_info --egg-base ../build/latihanpy_pkg build --build-base /home/phasya/LW/latihan_ws/src/build/latihanpy_pkg/build install --record /home/phasya/LW/latihan_ws/src/build/latihanpy_pkg/install.log --single-version-externally-managed install_data
[0.952s] running egg_info
[0.954s] writing ../build/latihanpy_pkg/latihanpy_pkg.egg-info/PKG-INFO
[0.954s] writing dependency_links to ../build/latihanpy_pkg/latihanpy_pkg.egg-info/dependency_links.txt
[0.954s] writing entry points to ../build/latihanpy_pkg/latihanpy_pkg.egg-info/entry_points.txt
[0.956s] writing requirements to ../build/latihanpy_pkg/latihanpy_pkg.egg-info/requires.txt
[0.956s] writing top-level names to ../build/latihanpy_pkg/latihanpy_pkg.egg-info/top_level.txt
[0.957s] reading manifest file '../build/latihanpy_pkg/latihanpy_pkg.egg-info/SOURCES.txt'
[0.958s] writing manifest file '../build/latihanpy_pkg/latihanpy_pkg.egg-info/SOURCES.txt'
[0.959s] running build
[0.959s] running build_py
[0.959s] running install
[0.961s] running install_lib
[0.961s] running install_data
[0.962s] running install_egg_info
[0.964s] removing '/home/phasya/LW/latihan_ws/src/install/latihanpy_pkg/lib/python3.10/site-packages/latihanpy_pkg-0.0.0-py3.10.egg-info' (and everything under it)
[0.965s] Copying ../build/latihanpy_pkg/latihanpy_pkg.egg-info to /home/phasya/LW/latihan_ws/src/install/latihanpy_pkg/lib/python3.10/site-packages/latihanpy_pkg-0.0.0-py3.10.egg-info
[0.966s] running install_scripts
[0.988s] Installing pub script to /home/phasya/LW/latihan_ws/src/install/latihanpy_pkg/lib/latihanpy_pkg
[0.989s] Installing sub script to /home/phasya/LW/latihan_ws/src/install/latihanpy_pkg/lib/latihanpy_pkg
[0.989s] writing list of installed files to '/home/phasya/LW/latihan_ws/src/build/latihanpy_pkg/install.log'
[1.015s] Invoked command in '/home/phasya/LW/latihan_ws/src/latihanpy_pkg' returned '0': PYTHONPATH=/home/phasya/LW/latihan_ws/src/build/latihanpy_pkg/prefix_override:/usr/lib/python3/dist-packages/colcon_core/task/python/colcon_distutils_commands:/home/phasya/LW/latihan_ws/src/install/latihanpy_pkg/lib/python3.10/site-packages:${PYTHONPATH} /usr/bin/python3 -W ignore:setup.py install is deprecated -W ignore:easy_install command is deprecated setup.py egg_info --egg-base ../build/latihanpy_pkg build --build-base /home/phasya/LW/latihan_ws/src/build/latihanpy_pkg/build install --record /home/phasya/LW/latihan_ws/src/build/latihanpy_pkg/install.log --single-version-externally-managed install_data
