[0.201s] DEBUG:colcon:Command line arguments: ['/usr/bin/colcon', 'build']
[0.201s] DEBUG:colcon:Parsed command line arguments: Namespace(log_base=None, log_level=None, verb_name='build', build_base='build', install_base='install', merge_install=False, symlink_install=False, test_result_base=None, continue_on_error=False, executor='parallel', parallel_workers=2, event_handlers=None, ignore_user_meta=False, metas=['./colcon.meta'], base_paths=['.'], packages_ignore=None, packages_ignore_regex=None, paths=None, packages_up_to=None, packages_up_to_regex=None, packages_above=None, packages_above_and_dependencies=None, packages_above_depth=None, packages_select_by_dep=None, packages_skip_by_dep=None, packages_skip_up_to=None, packages_select_build_failed=False, packages_skip_build_finished=False, packages_select_test_failures=False, packages_skip_test_passed=False, packages_select=None, packages_skip=None, packages_select_regex=None, packages_skip_regex=None, packages_start=None, packages_end=None, allow_overriding=[], cmake_args=None, cmake_target=None, cmake_target_skip_unavailable=False, cmake_clean_cache=False, cmake_clean_first=False, cmake_force_configure=False, ament_cmake_args=None, catkin_cmake_args=None, catkin_skip_building_tests=False, mixin_files=None, mixin=None, verb_parser=<colcon_mixin.mixin.mixin_argument.MixinArgumentDecorator object at 0x7645b3d60a90>, verb_extension=<colcon_core.verb.build.BuildVerb object at 0x7645b3d60160>, main=<bound method BuildVerb.main of <colcon_core.verb.build.BuildVerb object at 0x7645b3d60160>>, mixin_verb=('build',))
[0.516s] Level 1:colcon.colcon_core.package_discovery:discover_packages(colcon_meta) check parameters
[0.516s] Level 1:colcon.colcon_core.package_discovery:discover_packages(recursive) check parameters
[0.516s] Level 1:colcon.colcon_core.package_discovery:discover_packages(ignore) check parameters
[0.516s] Level 1:colcon.colcon_core.package_discovery:discover_packages(path) check parameters
[0.516s] Level 1:colcon.colcon_core.package_discovery:discover_packages(colcon_meta) discover
[0.516s] Level 1:colcon.colcon_core.package_discovery:discover_packages(recursive) discover
[0.516s] INFO:colcon.colcon_core.package_discovery:Crawling recursively for packages in '/home/phasya/LW/latihan_ws/src'
[0.516s] Level 1:colcon.colcon_core.package_identification:_identify(.) by extensions ['ignore', 'ignore_ament_install']
[0.516s] Level 1:colcon.colcon_core.package_identification:_identify(.) by extension 'ignore'
[0.516s] Level 1:colcon.colcon_core.package_identification:_identify(.) by extension 'ignore_ament_install'
[0.516s] Level 1:colcon.colcon_core.package_identification:_identify(.) by extensions ['colcon_pkg']
[0.516s] Level 1:colcon.colcon_core.package_identification:_identify(.) by extension 'colcon_pkg'
[0.516s] Level 1:colcon.colcon_core.package_identification:_identify(.) by extensions ['colcon_meta']
[0.516s] Level 1:colcon.colcon_core.package_identification:_identify(.) by extension 'colcon_meta'
[0.516s] Level 1:colcon.colcon_core.package_identification:_identify(.) by extensions ['ros']
[0.516s] Level 1:colcon.colcon_core.package_identification:_identify(.) by extension 'ros'
[0.534s] Level 1:colcon.colcon_core.package_identification:_identify(.) by extensions ['cmake', 'python']
[0.534s] Level 1:colcon.colcon_core.package_identification:_identify(.) by extension 'cmake'
[0.534s] Level 1:colcon.colcon_core.package_identification:_identify(.) by extension 'python'
[0.534s] Level 1:colcon.colcon_core.package_identification:_identify(.) by extensions ['python_setup_py']
[0.534s] Level 1:colcon.colcon_core.package_identification:_identify(.) by extension 'python_setup_py'
[0.535s] Level 1:colcon.colcon_core.package_identification:_identify(build) by extensions ['ignore', 'ignore_ament_install']
[0.535s] Level 1:colcon.colcon_core.package_identification:_identify(build) by extension 'ignore'
[0.535s] Level 1:colcon.colcon_core.package_identification:_identify(build) ignored
[0.535s] Level 1:colcon.colcon_core.package_identification:_identify(install) by extensions ['ignore', 'ignore_ament_install']
[0.535s] Level 1:colcon.colcon_core.package_identification:_identify(install) by extension 'ignore'
[0.535s] Level 1:colcon.colcon_core.package_identification:_identify(install) ignored
[0.535s] Level 1:colcon.colcon_core.package_identification:_identify(latihanpy_pkg) by extensions ['ignore', 'ignore_ament_install']
[0.535s] Level 1:colcon.colcon_core.package_identification:_identify(latihanpy_pkg) by extension 'ignore'
[0.535s] Level 1:colcon.colcon_core.package_identification:_identify(latihanpy_pkg) by extension 'ignore_ament_install'
[0.535s] Level 1:colcon.colcon_core.package_identification:_identify(latihanpy_pkg) by extensions ['colcon_pkg']
[0.535s] Level 1:colcon.colcon_core.package_identification:_identify(latihanpy_pkg) by extension 'colcon_pkg'
[0.535s] Level 1:colcon.colcon_core.package_identification:_identify(latihanpy_pkg) by extensions ['colcon_meta']
[0.535s] Level 1:colcon.colcon_core.package_identification:_identify(latihanpy_pkg) by extension 'colcon_meta'
[0.535s] Level 1:colcon.colcon_core.package_identification:_identify(latihanpy_pkg) by extensions ['ros']
[0.535s] Level 1:colcon.colcon_core.package_identification:_identify(latihanpy_pkg) by extension 'ros'
[0.542s] DEBUG:colcon.colcon_core.package_identification:Package 'latihanpy_pkg' with type 'ros.ament_python' and name 'latihanpy_pkg'
[0.542s] Level 1:colcon.colcon_core.package_identification:_identify(log) by extensions ['ignore', 'ignore_ament_install']
[0.542s] Level 1:colcon.colcon_core.package_identification:_identify(log) by extension 'ignore'
[0.542s] Level 1:colcon.colcon_core.package_identification:_identify(log) ignored
[0.543s] Level 1:colcon.colcon_core.package_discovery:discover_packages(recursive) using defaults
[0.543s] Level 1:colcon.colcon_core.package_discovery:discover_packages(ignore) discover
[0.543s] Level 1:colcon.colcon_core.package_discovery:discover_packages(ignore) using defaults
[0.543s] Level 1:colcon.colcon_core.package_discovery:discover_packages(path) discover
[0.543s] Level 1:colcon.colcon_core.package_discovery:discover_packages(path) using defaults
[0.592s] Level 1:colcon.colcon_core.package_discovery:discover_packages(prefix_path) check parameters
[0.592s] Level 1:colcon.colcon_core.package_discovery:discover_packages(prefix_path) discover
[0.598s] DEBUG:colcon.colcon_installed_package_information.package_discovery:Found 271 installed packages in /opt/ros/humble
[0.599s] Level 1:colcon.colcon_core.package_discovery:discover_packages(prefix_path) using defaults
[0.638s] Level 5:colcon.colcon_core.verb:set package 'latihanpy_pkg' build argument 'cmake_args' from command line to 'None'
[0.638s] Level 5:colcon.colcon_core.verb:set package 'latihanpy_pkg' build argument 'cmake_target' from command line to 'None'
[0.638s] Level 5:colcon.colcon_core.verb:set package 'latihanpy_pkg' build argument 'cmake_target_skip_unavailable' from command line to 'False'
[0.638s] Level 5:colcon.colcon_core.verb:set package 'latihanpy_pkg' build argument 'cmake_clean_cache' from command line to 'False'
[0.638s] Level 5:colcon.colcon_core.verb:set package 'latihanpy_pkg' build argument 'cmake_clean_first' from command line to 'False'
[0.638s] Level 5:colcon.colcon_core.verb:set package 'latihanpy_pkg' build argument 'cmake_force_configure' from command line to 'False'
[0.638s] Level 5:colcon.colcon_core.verb:set package 'latihanpy_pkg' build argument 'ament_cmake_args' from command line to 'None'
[0.638s] Level 5:colcon.colcon_core.verb:set package 'latihanpy_pkg' build argument 'catkin_cmake_args' from command line to 'None'
[0.638s] Level 5:colcon.colcon_core.verb:set package 'latihanpy_pkg' build argument 'catkin_skip_building_tests' from command line to 'False'
[0.638s] DEBUG:colcon.colcon_core.verb:Building package 'latihanpy_pkg' with the following arguments: {'ament_cmake_args': None, 'build_base': '/home/phasya/LW/latihan_ws/src/build/latihanpy_pkg', 'catkin_cmake_args': None, 'catkin_skip_building_tests': False, 'cmake_args': None, 'cmake_clean_cache': False, 'cmake_clean_first': False, 'cmake_force_configure': False, 'cmake_target': None, 'cmake_target_skip_unavailable': False, 'install_base': '/home/phasya/LW/latihan_ws/src/install/latihanpy_pkg', 'merge_install': False, 'path': '/home/phasya/LW/latihan_ws/src/latihanpy_pkg', 'symlink_install': False, 'test_result_base': None}
[0.639s] INFO:colcon.colcon_core.executor:Executing jobs using 'parallel' executor
[0.640s] DEBUG:colcon.colcon_parallel_executor.executor.parallel:run_until_complete
[0.640s] INFO:colcon.colcon_ros.task.ament_python.build:Building ROS package in '/home/phasya/LW/latihan_ws/src/latihanpy_pkg' with build type 'ament_python'
[0.640s] Level 1:colcon.colcon_core.shell:create_environment_hook('latihanpy_pkg', 'ament_prefix_path')
[0.647s] INFO:colcon.colcon_core.plugin_system:Skipping extension 'colcon_core.shell.bat': Not used on non-Windows systems
[0.647s] INFO:colcon.colcon_core.shell:Creating environment hook '/home/phasya/LW/latihan_ws/src/install/latihanpy_pkg/share/latihanpy_pkg/hook/ament_prefix_path.ps1'
[0.648s] INFO:colcon.colcon_core.shell:Creating environment descriptor '/home/phasya/LW/latihan_ws/src/install/latihanpy_pkg/share/latihanpy_pkg/hook/ament_prefix_path.dsv'
[0.650s] INFO:colcon.colcon_core.shell:Creating environment hook '/home/phasya/LW/latihan_ws/src/install/latihanpy_pkg/share/latihanpy_pkg/hook/ament_prefix_path.sh'
[0.651s] INFO:colcon.colcon_core.shell:Skip shell extension 'powershell' for command environment: Not usable outside of PowerShell
[0.651s] DEBUG:colcon.colcon_core.shell:Skip shell extension 'dsv' for command environment
[0.965s] INFO:colcon.colcon_core.task.python.build:Building Python package in '/home/phasya/LW/latihan_ws/src/latihanpy_pkg'
[0.965s] INFO:colcon.colcon_core.shell:Skip shell extension 'powershell' for command environment: Not usable outside of PowerShell
[0.965s] DEBUG:colcon.colcon_core.shell:Skip shell extension 'dsv' for command environment
[1.391s] DEBUG:colcon.colcon_core.event_handler.log_command:Invoking command in '/home/phasya/LW/latihan_ws/src/latihanpy_pkg': PYTHONPATH=/home/phasya/LW/latihan_ws/src/build/latihanpy_pkg/prefix_override:/usr/lib/python3/dist-packages/colcon_core/task/python/colcon_distutils_commands:/home/phasya/LW/latihan_ws/src/install/latihanpy_pkg/lib/python3.10/site-packages:${PYTHONPATH} /usr/bin/python3 -W ignore:setup.py install is deprecated -W ignore:easy_install command is deprecated setup.py egg_info --egg-base ../build/latihanpy_pkg build --build-base /home/phasya/LW/latihan_ws/src/build/latihanpy_pkg/build install --record /home/phasya/LW/latihan_ws/src/build/latihanpy_pkg/install.log --single-version-externally-managed install_data
[1.836s] DEBUG:colcon.colcon_core.event_handler.log_command:Invoked command in '/home/phasya/LW/latihan_ws/src/latihanpy_pkg' returned '0': PYTHONPATH=/home/phasya/LW/latihan_ws/src/build/latihanpy_pkg/prefix_override:/usr/lib/python3/dist-packages/colcon_core/task/python/colcon_distutils_commands:/home/phasya/LW/latihan_ws/src/install/latihanpy_pkg/lib/python3.10/site-packages:${PYTHONPATH} /usr/bin/python3 -W ignore:setup.py install is deprecated -W ignore:easy_install command is deprecated setup.py egg_info --egg-base ../build/latihanpy_pkg build --build-base /home/phasya/LW/latihan_ws/src/build/latihanpy_pkg/build install --record /home/phasya/LW/latihan_ws/src/build/latihanpy_pkg/install.log --single-version-externally-managed install_data
[1.852s] Level 1:colcon.colcon_core.environment:checking '/home/phasya/LW/latihan_ws/src/install/latihanpy_pkg' for CMake module files
[1.853s] Level 1:colcon.colcon_core.environment:checking '/home/phasya/LW/latihan_ws/src/install/latihanpy_pkg' for CMake config files
[1.854s] Level 1:colcon.colcon_core.environment:checking '/home/phasya/LW/latihan_ws/src/install/latihanpy_pkg/lib'
[1.854s] Level 1:colcon.colcon_core.environment:checking '/home/phasya/LW/latihan_ws/src/install/latihanpy_pkg/bin'
[1.854s] Level 1:colcon.colcon_core.environment:checking '/home/phasya/LW/latihan_ws/src/install/latihanpy_pkg/lib/pkgconfig/latihanpy_pkg.pc'
[1.854s] Level 1:colcon.colcon_core.environment:checking '/home/phasya/LW/latihan_ws/src/install/latihanpy_pkg/lib/python3.10/site-packages'
[1.854s] Level 1:colcon.colcon_core.shell:create_environment_hook('latihanpy_pkg', 'pythonpath')
[1.855s] INFO:colcon.colcon_core.shell:Creating environment hook '/home/phasya/LW/latihan_ws/src/install/latihanpy_pkg/share/latihanpy_pkg/hook/pythonpath.ps1'
[1.855s] INFO:colcon.colcon_core.shell:Creating environment descriptor '/home/phasya/LW/latihan_ws/src/install/latihanpy_pkg/share/latihanpy_pkg/hook/pythonpath.dsv'
[1.856s] INFO:colcon.colcon_core.shell:Creating environment hook '/home/phasya/LW/latihan_ws/src/install/latihanpy_pkg/share/latihanpy_pkg/hook/pythonpath.sh'
[1.857s] Level 1:colcon.colcon_core.environment:checking '/home/phasya/LW/latihan_ws/src/install/latihanpy_pkg/bin'
[1.857s] Level 1:colcon.colcon_core.environment:create_environment_scripts_only(latihanpy_pkg)
[1.858s] INFO:colcon.colcon_core.shell:Creating package script '/home/phasya/LW/latihan_ws/src/install/latihanpy_pkg/share/latihanpy_pkg/package.ps1'
[1.862s] INFO:colcon.colcon_core.shell:Creating package descriptor '/home/phasya/LW/latihan_ws/src/install/latihanpy_pkg/share/latihanpy_pkg/package.dsv'
[1.865s] INFO:colcon.colcon_core.shell:Creating package script '/home/phasya/LW/latihan_ws/src/install/latihanpy_pkg/share/latihanpy_pkg/package.sh'
[1.867s] INFO:colcon.colcon_core.shell:Creating package script '/home/phasya/LW/latihan_ws/src/install/latihanpy_pkg/share/latihanpy_pkg/package.bash'
[1.870s] INFO:colcon.colcon_core.shell:Creating package script '/home/phasya/LW/latihan_ws/src/install/latihanpy_pkg/share/latihanpy_pkg/package.zsh'
[1.874s] Level 1:colcon.colcon_core.environment:create_file_with_runtime_dependencies(/home/phasya/LW/latihan_ws/src/install/latihanpy_pkg/share/colcon-core/packages/latihanpy_pkg)
[1.875s] DEBUG:colcon.colcon_parallel_executor.executor.parallel:closing loop
[1.875s] DEBUG:colcon.colcon_parallel_executor.executor.parallel:loop closed
[1.875s] DEBUG:colcon.colcon_parallel_executor.executor.parallel:run_until_complete finished with '0'
[1.875s] DEBUG:colcon.colcon_core.event_reactor:joining thread
[1.896s] INFO:colcon.colcon_core.plugin_system:Skipping extension 'colcon_notification.desktop_notification.terminal_notifier': Not used on non-Darwin systems
[1.896s] INFO:colcon.colcon_core.plugin_system:Skipping extension 'colcon_notification.desktop_notification.win32': Not used on non-Windows systems
[1.896s] INFO:colcon.colcon_notification.desktop_notification:Sending desktop notification using 'notify2'
[1.976s] DEBUG:colcon.colcon_core.event_reactor:joined thread
[1.978s] INFO:colcon.colcon_core.shell:Creating prefix script '/home/phasya/LW/latihan_ws/src/install/local_setup.ps1'
[1.982s] INFO:colcon.colcon_core.shell:Creating prefix util module '/home/phasya/LW/latihan_ws/src/install/_local_setup_util_ps1.py'
[1.984s] INFO:colcon.colcon_core.shell:Creating prefix chain script '/home/phasya/LW/latihan_ws/src/install/setup.ps1'
[1.987s] INFO:colcon.colcon_core.shell:Creating prefix script '/home/phasya/LW/latihan_ws/src/install/local_setup.sh'
[1.989s] INFO:colcon.colcon_core.shell:Creating prefix util module '/home/phasya/LW/latihan_ws/src/install/_local_setup_util_sh.py'
[1.991s] INFO:colcon.colcon_core.shell:Creating prefix chain script '/home/phasya/LW/latihan_ws/src/install/setup.sh'
[1.997s] INFO:colcon.colcon_core.shell:Creating prefix script '/home/phasya/LW/latihan_ws/src/install/local_setup.bash'
[1.999s] INFO:colcon.colcon_core.shell:Creating prefix chain script '/home/phasya/LW/latihan_ws/src/install/setup.bash'
[2.002s] INFO:colcon.colcon_core.shell:Creating prefix script '/home/phasya/LW/latihan_ws/src/install/local_setup.zsh'
[2.004s] INFO:colcon.colcon_core.shell:Creating prefix chain script '/home/phasya/LW/latihan_ws/src/install/setup.zsh'
