running egg_info
creating ../../build/latihanpy_pkg/latihanpy_pkg.egg-info
writing ../../build/latihanpy_pkg/latihanpy_pkg.egg-info/PKG-INFO
writing dependency_links to ../../build/latihanpy_pkg/latihanpy_pkg.egg-info/dependency_links.txt
writing entry points to ../../build/latihanpy_pkg/latihanpy_pkg.egg-info/entry_points.txt
writing requirements to ../../build/latihanpy_pkg/latihanpy_pkg.egg-info/requires.txt
writing top-level names to ../../build/latihanpy_pkg/latihanpy_pkg.egg-info/top_level.txt
writing manifest file '../../build/latihanpy_pkg/latihanpy_pkg.egg-info/SOURCES.txt'
reading manifest file '../../build/latihanpy_pkg/latihanpy_pkg.egg-info/SOURCES.txt'
writing manifest file '../../build/latihanpy_pkg/latihanpy_pkg.egg-info/SOURCES.txt'
running build
running build_py
creating /home/phasya/LW/latihan_ws/build/latihanpy_pkg/build
creating /home/phasya/LW/latihan_ws/build/latihanpy_pkg/build/lib
creating /home/phasya/LW/latihan_ws/build/latihanpy_pkg/build/lib/latihanpy_pkg
copying latihanpy_pkg/__init__.py -> /home/phasya/LW/latihan_ws/build/latihanpy_pkg/build/lib/latihanpy_pkg
running install
running install_lib
creating /home/phasya/LW/latihan_ws/install/latihanpy_pkg/lib/python3.10/site-packages/latihanpy_pkg
copying /home/phasya/LW/latihan_ws/build/latihanpy_pkg/build/lib/latihanpy_pkg/__init__.py -> /home/phasya/LW/latihan_ws/install/latihanpy_pkg/lib/python3.10/site-packages/latihanpy_pkg
byte-compiling /home/phasya/LW/latihan_ws/install/latihanpy_pkg/lib/python3.10/site-packages/latihanpy_pkg/__init__.py to __init__.cpython-310.pyc
running install_data
creating /home/phasya/LW/latihan_ws/install/latihanpy_pkg/share/ament_index
creating /home/phasya/LW/latihan_ws/install/latihanpy_pkg/share/ament_index/resource_index
creating /home/phasya/LW/latihan_ws/install/latihanpy_pkg/share/ament_index/resource_index/packages
copying resource/latihanpy_pkg -> /home/phasya/LW/latihan_ws/install/latihanpy_pkg/share/ament_index/resource_index/packages
copying package.xml -> /home/phasya/LW/latihan_ws/install/latihanpy_pkg/share/latihanpy_pkg
running install_egg_info
Copying ../../build/latihanpy_pkg/latihanpy_pkg.egg-info to /home/phasya/LW/latihan_ws/install/latihanpy_pkg/lib/python3.10/site-packages/latihanpy_pkg-0.0.0-py3.10.egg-info
running install_scripts
writing list of installed files to '/home/phasya/LW/latihan_ws/build/latihanpy_pkg/install.log'
