[0.691s] Invoking command in '/home/phasya/LW/latihan_ws/src/latihanpy_pkg': PYTHONPATH=/home/phasya/LW/latihan_ws/build/latihanpy_pkg/prefix_override:/usr/lib/python3/dist-packages/colcon_core/task/python/colcon_distutils_commands:/home/phasya/LW/latihan_ws/install/latihanpy_pkg/lib/python3.10/site-packages:${PYTHONPATH} /usr/bin/python3 -W ignore:setup.py install is deprecated -W ignore:easy_install command is deprecated setup.py egg_info --egg-base ../../build/latihanpy_pkg build --build-base /home/phasya/LW/latihan_ws/build/latihanpy_pkg/build install --record /home/phasya/LW/latihan_ws/build/latihanpy_pkg/install.log --single-version-externally-managed install_data
[0.911s] running egg_info
[0.912s] creating ../../build/latihanpy_pkg/latihanpy_pkg.egg-info
[0.912s] writing ../../build/latihanpy_pkg/latihanpy_pkg.egg-info/PKG-INFO
[0.912s] writing dependency_links to ../../build/latihanpy_pkg/latihanpy_pkg.egg-info/dependency_links.txt
[0.913s] writing entry points to ../../build/latihanpy_pkg/latihanpy_pkg.egg-info/entry_points.txt
[0.913s] writing requirements to ../../build/latihanpy_pkg/latihanpy_pkg.egg-info/requires.txt
[0.913s] writing top-level names to ../../build/latihanpy_pkg/latihanpy_pkg.egg-info/top_level.txt
[0.913s] writing manifest file '../../build/latihanpy_pkg/latihanpy_pkg.egg-info/SOURCES.txt'
[0.915s] reading manifest file '../../build/latihanpy_pkg/latihanpy_pkg.egg-info/SOURCES.txt'
[0.915s] writing manifest file '../../build/latihanpy_pkg/latihanpy_pkg.egg-info/SOURCES.txt'
[0.916s] running build
[0.916s] running build_py
[0.916s] creating /home/phasya/LW/latihan_ws/build/latihanpy_pkg/build
[0.916s] creating /home/phasya/LW/latihan_ws/build/latihanpy_pkg/build/lib
[0.916s] creating /home/phasya/LW/latihan_ws/build/latihanpy_pkg/build/lib/latihanpy_pkg
[0.916s] copying latihanpy_pkg/__init__.py -> /home/phasya/LW/latihan_ws/build/latihanpy_pkg/build/lib/latihanpy_pkg
[0.916s] running install
[0.917s] running install_lib
[0.918s] creating /home/phasya/LW/latihan_ws/install/latihanpy_pkg/lib/python3.10/site-packages/latihanpy_pkg
[0.918s] copying /home/phasya/LW/latihan_ws/build/latihanpy_pkg/build/lib/latihanpy_pkg/__init__.py -> /home/phasya/LW/latihan_ws/install/latihanpy_pkg/lib/python3.10/site-packages/latihanpy_pkg
[0.918s] byte-compiling /home/phasya/LW/latihan_ws/install/latihanpy_pkg/lib/python3.10/site-packages/latihanpy_pkg/__init__.py to __init__.cpython-310.pyc
[0.918s] running install_data
[0.919s] creating /home/phasya/LW/latihan_ws/install/latihanpy_pkg/share/ament_index
[0.919s] creating /home/phasya/LW/latihan_ws/install/latihanpy_pkg/share/ament_index/resource_index
[0.919s] creating /home/phasya/LW/latihan_ws/install/latihanpy_pkg/share/ament_index/resource_index/packages
[0.919s] copying resource/latihanpy_pkg -> /home/phasya/LW/latihan_ws/install/latihanpy_pkg/share/ament_index/resource_index/packages
[0.919s] copying package.xml -> /home/phasya/LW/latihan_ws/install/latihanpy_pkg/share/latihanpy_pkg
[0.920s] running install_egg_info
[0.921s] Copying ../../build/latihanpy_pkg/latihanpy_pkg.egg-info to /home/phasya/LW/latihan_ws/install/latihanpy_pkg/lib/python3.10/site-packages/latihanpy_pkg-0.0.0-py3.10.egg-info
[0.922s] running install_scripts
[0.941s] writing list of installed files to '/home/phasya/LW/latihan_ws/build/latihanpy_pkg/install.log'
[0.970s] Invoked command in '/home/phasya/LW/latihan_ws/src/latihanpy_pkg' returned '0': PYTHONPATH=/home/phasya/LW/latihan_ws/build/latihanpy_pkg/prefix_override:/usr/lib/python3/dist-packages/colcon_core/task/python/colcon_distutils_commands:/home/phasya/LW/latihan_ws/install/latihanpy_pkg/lib/python3.10/site-packages:${PYTHONPATH} /usr/bin/python3 -W ignore:setup.py install is deprecated -W ignore:easy_install command is deprecated setup.py egg_info --egg-base ../../build/latihanpy_pkg build --build-base /home/phasya/LW/latihan_ws/build/latihanpy_pkg/build install --record /home/phasya/LW/latihan_ws/build/latihanpy_pkg/install.log --single-version-externally-managed install_data
