[0.697s] Invoking command in '/home/phasya/LW/latihan_ws/src/latihanpy_pkg': PYTHONPATH=/home/phasya/LW/latihan_ws/build/latihanpy_pkg/prefix_override:/usr/lib/python3/dist-packages/colcon_core/task/python/colcon_distutils_commands:/home/phasya/LW/latihan_ws/install/latihanpy_pkg/lib/python3.10/site-packages:${PYTHONPATH} /usr/bin/python3 -W ignore:setup.py install is deprecated -W ignore:easy_install command is deprecated setup.py egg_info --egg-base ../../build/latihanpy_pkg build --build-base /home/phasya/LW/latihan_ws/build/latihanpy_pkg/build install --record /home/phasya/LW/latihan_ws/build/latihanpy_pkg/install.log --single-version-externally-managed install_data
[0.975s] running egg_info
[0.975s] writing ../../build/latihanpy_pkg/latihanpy_pkg.egg-info/PKG-INFO
[0.976s] writing dependency_links to ../../build/latihanpy_pkg/latihanpy_pkg.egg-info/dependency_links.txt
[0.976s] writing entry points to ../../build/latihanpy_pkg/latihanpy_pkg.egg-info/entry_points.txt
[0.977s] writing requirements to ../../build/latihanpy_pkg/latihanpy_pkg.egg-info/requires.txt
[0.977s] writing top-level names to ../../build/latihanpy_pkg/latihanpy_pkg.egg-info/top_level.txt
[0.979s] reading manifest file '../../build/latihanpy_pkg/latihanpy_pkg.egg-info/SOURCES.txt'
[0.980s] writing manifest file '../../build/latihanpy_pkg/latihanpy_pkg.egg-info/SOURCES.txt'
[0.980s] running build
[0.981s] running build_py
[0.982s] copying latihanpy_pkg/publisher.py -> /home/phasya/LW/latihan_ws/build/latihanpy_pkg/build/lib/latihanpy_pkg
[0.982s] copying latihanpy_pkg/subscriber.py -> /home/phasya/LW/latihan_ws/build/latihanpy_pkg/build/lib/latihanpy_pkg
[0.982s] running install
[0.982s] running install_lib
[0.983s] copying /home/phasya/LW/latihan_ws/build/latihanpy_pkg/build/lib/latihanpy_pkg/publisher.py -> /home/phasya/LW/latihan_ws/install/latihanpy_pkg/lib/python3.10/site-packages/latihanpy_pkg
[0.983s] copying /home/phasya/LW/latihan_ws/build/latihanpy_pkg/build/lib/latihanpy_pkg/subscriber.py -> /home/phasya/LW/latihan_ws/install/latihanpy_pkg/lib/python3.10/site-packages/latihanpy_pkg
[0.984s] byte-compiling /home/phasya/LW/latihan_ws/install/latihanpy_pkg/lib/python3.10/site-packages/latihanpy_pkg/publisher.py to publisher.cpython-310.pyc
[0.984s] byte-compiling /home/phasya/LW/latihan_ws/install/latihanpy_pkg/lib/python3.10/site-packages/latihanpy_pkg/subscriber.py to subscriber.cpython-310.pyc
[0.984s] running install_data
[0.984s] running install_egg_info
[0.986s] removing '/home/phasya/LW/latihan_ws/install/latihanpy_pkg/lib/python3.10/site-packages/latihanpy_pkg-0.0.0-py3.10.egg-info' (and everything under it)
[0.987s] Copying ../../build/latihanpy_pkg/latihanpy_pkg.egg-info to /home/phasya/LW/latihan_ws/install/latihanpy_pkg/lib/python3.10/site-packages/latihanpy_pkg-0.0.0-py3.10.egg-info
[0.988s] running install_scripts
[1.011s] Installing pub script to /home/phasya/LW/latihan_ws/install/latihanpy_pkg/lib/latihanpy_pkg
[1.011s] Installing sub script to /home/phasya/LW/latihan_ws/install/latihanpy_pkg/lib/latihanpy_pkg
[1.012s] writing list of installed files to '/home/phasya/LW/latihan_ws/build/latihanpy_pkg/install.log'
[1.041s] Invoked command in '/home/phasya/LW/latihan_ws/src/latihanpy_pkg' returned '0': PYTHONPATH=/home/phasya/LW/latihan_ws/build/latihanpy_pkg/prefix_override:/usr/lib/python3/dist-packages/colcon_core/task/python/colcon_distutils_commands:/home/phasya/LW/latihan_ws/install/latihanpy_pkg/lib/python3.10/site-packages:${PYTHONPATH} /usr/bin/python3 -W ignore:setup.py install is deprecated -W ignore:easy_install command is deprecated setup.py egg_info --egg-base ../../build/latihanpy_pkg build --build-base /home/phasya/LW/latihan_ws/build/latihanpy_pkg/build install --record /home/phasya/LW/latihan_ws/build/latihanpy_pkg/install.log --single-version-externally-managed install_data
