[0.737s] Invoking command in '/home/phasya/LW/latihan_ws/src/latihanpy_pkg': PYTHONPATH=/home/phasya/LW/latihan_ws/src/build/latihanpy_pkg/prefix_override:/usr/lib/python3/dist-packages/colcon_core/task/python/colcon_distutils_commands:/home/phasya/LW/latihan_ws/src/install/latihanpy_pkg/lib/python3.10/site-packages:${PYTHONPATH} /usr/bin/python3 -W ignore:setup.py install is deprecated -W ignore:easy_install command is deprecated setup.py egg_info --egg-base ../build/latihanpy_pkg build --build-base /home/phasya/LW/latihan_ws/src/build/latihanpy_pkg/build install --record /home/phasya/LW/latihan_ws/src/build/latihanpy_pkg/install.log --single-version-externally-managed install_data
[0.998s] running egg_info
[0.999s] writing ../build/latihanpy_pkg/latihanpy_pkg.egg-info/PKG-INFO
[1.000s] writing dependency_links to ../build/latihanpy_pkg/latihanpy_pkg.egg-info/dependency_links.txt
[1.001s] writing entry points to ../build/latihanpy_pkg/latihanpy_pkg.egg-info/entry_points.txt
[1.001s] writing requirements to ../build/latihanpy_pkg/latihanpy_pkg.egg-info/requires.txt
[1.001s] writing top-level names to ../build/latihanpy_pkg/latihanpy_pkg.egg-info/top_level.txt
[1.003s] reading manifest file '../build/latihanpy_pkg/latihanpy_pkg.egg-info/SOURCES.txt'
[1.004s] writing manifest file '../build/latihanpy_pkg/latihanpy_pkg.egg-info/SOURCES.txt'
[1.005s] running build
[1.005s] running build_py
[1.007s] running install
[1.007s] running install_lib
[1.010s] running install_data
[1.010s] running install_egg_info
[1.011s] removing '/home/phasya/LW/latihan_ws/src/install/latihanpy_pkg/lib/python3.10/site-packages/latihanpy_pkg-0.0.0-py3.10.egg-info' (and everything under it)
[1.012s] Copying ../build/latihanpy_pkg/latihanpy_pkg.egg-info to /home/phasya/LW/latihan_ws/src/install/latihanpy_pkg/lib/python3.10/site-packages/latihanpy_pkg-0.0.0-py3.10.egg-info
[1.013s] running install_scripts
[1.040s] Installing pub script to /home/phasya/LW/latihan_ws/src/install/latihanpy_pkg/lib/latihanpy_pkg
[1.040s] Installing sub script to /home/phasya/LW/latihan_ws/src/install/latihanpy_pkg/lib/latihanpy_pkg
[1.043s] writing list of installed files to '/home/phasya/LW/latihan_ws/src/build/latihanpy_pkg/install.log'
[1.074s] Invoked command in '/home/phasya/LW/latihan_ws/src/latihanpy_pkg' returned '0': PYTHONPATH=/home/phasya/LW/latihan_ws/src/build/latihanpy_pkg/prefix_override:/usr/lib/python3/dist-packages/colcon_core/task/python/colcon_distutils_commands:/home/phasya/LW/latihan_ws/src/install/latihanpy_pkg/lib/python3.10/site-packages:${PYTHONPATH} /usr/bin/python3 -W ignore:setup.py install is deprecated -W ignore:easy_install command is deprecated setup.py egg_info --egg-base ../build/latihanpy_pkg build --build-base /home/phasya/LW/latihan_ws/src/build/latihanpy_pkg/build install --record /home/phasya/LW/latihan_ws/src/build/latihanpy_pkg/install.log --single-version-externally-managed install_data
