[0.728s] Invoking command in '/home/phasya/LW/latihan_ws/build/latihanpy_pkg': PYTHONPATH=/home/phasya/LW/latihan_ws/build/latihanpy_pkg/prefix_override:/usr/lib/python3/dist-packages/colcon_core/task/python/colcon_distutils_commands:/home/phasya/LW/latihan_ws/install/latihanpy_pkg/lib/python3.10/site-packages:${PYTHONPATH} /usr/bin/python3 -W ignore:setup.py install is deprecated -W ignore:easy_install command is deprecated setup.py develop --editable --build-directory /home/phasya/LW/latihan_ws/build/latihanpy_pkg/build --no-deps symlink_data --force
[0.982s] running develop
[1.132s] running egg_info
[1.132s] writing latihanpy_pkg.egg-info/PKG-INFO
[1.133s] writing dependency_links to latihanpy_pkg.egg-info/dependency_links.txt
[1.137s] writing entry points to latihanpy_pkg.egg-info/entry_points.txt
[1.137s] writing requirements to latihanpy_pkg.egg-info/requires.txt
[1.137s] writing top-level names to latihanpy_pkg.egg-info/top_level.txt
[1.137s] reading manifest file 'latihanpy_pkg.egg-info/SOURCES.txt'
[1.138s] writing manifest file 'latihanpy_pkg.egg-info/SOURCES.txt'
[1.140s] running build_ext
[1.140s] Creating /home/phasya/LW/latihan_ws/install/latihanpy_pkg/lib/python3.10/site-packages/latihanpy-pkg.egg-link (link to .)
[1.141s] Installing pub script to /home/phasya/LW/latihan_ws/install/latihanpy_pkg/lib/latihanpy_pkg
[1.141s] Installing sub script to /home/phasya/LW/latihan_ws/install/latihanpy_pkg/lib/latihanpy_pkg
[1.143s] 
[1.143s] Installed /home/phasya/LW/latihan_ws/build/latihanpy_pkg
[1.143s] running symlink_data
[1.143s] symbolically linking /home/phasya/LW/latihan_ws/build/latihanpy_pkg/resource/latihanpy_pkg -> /home/phasya/LW/latihan_ws/install/latihanpy_pkg/share/ament_index/resource_index/packages
[1.143s] symbolically linking /home/phasya/LW/latihan_ws/build/latihanpy_pkg/package.xml -> /home/phasya/LW/latihan_ws/install/latihanpy_pkg/share/latihanpy_pkg
[1.175s] Invoked command in '/home/phasya/LW/latihan_ws/build/latihanpy_pkg' returned '0': PYTHONPATH=/home/phasya/LW/latihan_ws/build/latihanpy_pkg/prefix_override:/usr/lib/python3/dist-packages/colcon_core/task/python/colcon_distutils_commands:/home/phasya/LW/latihan_ws/install/latihanpy_pkg/lib/python3.10/site-packages:${PYTHONPATH} /usr/bin/python3 -W ignore:setup.py install is deprecated -W ignore:easy_install command is deprecated setup.py develop --editable --build-directory /home/phasya/LW/latihan_ws/build/latihanpy_pkg/build --no-deps symlink_data --force
