[0.749s] Invoking command in '/home/phasya/LW/latihan_ws/src/latihanpy_pkg': PYTHONPATH=/home/phasya/LW/latihan_ws/src/build/latihanpy_pkg/prefix_override:/usr/lib/python3/dist-packages/colcon_core/task/python/colcon_distutils_commands:/home/phasya/LW/latihan_ws/src/install/latihanpy_pkg/lib/python3.10/site-packages:${PYTHONPATH} /usr/bin/python3 -W ignore:setup.py install is deprecated -W ignore:easy_install command is deprecated setup.py egg_info --egg-base ../build/latihanpy_pkg build --build-base /home/phasya/LW/latihan_ws/src/build/latihanpy_pkg/build install --record /home/phasya/LW/latihan_ws/src/build/latihanpy_pkg/install.log --single-version-externally-managed install_data
[1.097s] running egg_info
[1.097s] creating ../build/latihanpy_pkg/latihanpy_pkg.egg-info
[1.097s] writing ../build/latihanpy_pkg/latihanpy_pkg.egg-info/PKG-INFO
[1.097s] writing dependency_links to ../build/latihanpy_pkg/latihanpy_pkg.egg-info/dependency_links.txt
[1.097s] writing entry points to ../build/latihanpy_pkg/latihanpy_pkg.egg-info/entry_points.txt
[1.097s] writing requirements to ../build/latihanpy_pkg/latihanpy_pkg.egg-info/requires.txt
[1.097s] writing top-level names to ../build/latihanpy_pkg/latihanpy_pkg.egg-info/top_level.txt
[1.097s] writing manifest file '../build/latihanpy_pkg/latihanpy_pkg.egg-info/SOURCES.txt'
[1.101s] reading manifest file '../build/latihanpy_pkg/latihanpy_pkg.egg-info/SOURCES.txt'
[1.101s] writing manifest file '../build/latihanpy_pkg/latihanpy_pkg.egg-info/SOURCES.txt'
[1.101s] running build
[1.101s] running build_py
[1.101s] creating /home/phasya/LW/latihan_ws/src/build/latihanpy_pkg/build
[1.102s] creating /home/phasya/LW/latihan_ws/src/build/latihanpy_pkg/build/lib
[1.102s] creating /home/phasya/LW/latihan_ws/src/build/latihanpy_pkg/build/lib/latihanpy_pkg
[1.103s] copying latihanpy_pkg/publisher.py -> /home/phasya/LW/latihan_ws/src/build/latihanpy_pkg/build/lib/latihanpy_pkg
[1.105s] copying latihanpy_pkg/subscriber.py -> /home/phasya/LW/latihan_ws/src/build/latihanpy_pkg/build/lib/latihanpy_pkg
[1.105s] copying latihanpy_pkg/__init__.py -> /home/phasya/LW/latihan_ws/src/build/latihanpy_pkg/build/lib/latihanpy_pkg
[1.105s] running install
[1.106s] running install_lib
[1.106s] creating /home/phasya/LW/latihan_ws/src/install/latihanpy_pkg/lib/python3.10/site-packages/latihanpy_pkg
[1.106s] copying /home/phasya/LW/latihan_ws/src/build/latihanpy_pkg/build/lib/latihanpy_pkg/publisher.py -> /home/phasya/LW/latihan_ws/src/install/latihanpy_pkg/lib/python3.10/site-packages/latihanpy_pkg
[1.106s] copying /home/phasya/LW/latihan_ws/src/build/latihanpy_pkg/build/lib/latihanpy_pkg/subscriber.py -> /home/phasya/LW/latihan_ws/src/install/latihanpy_pkg/lib/python3.10/site-packages/latihanpy_pkg
[1.106s] copying /home/phasya/LW/latihan_ws/src/build/latihanpy_pkg/build/lib/latihanpy_pkg/__init__.py -> /home/phasya/LW/latihan_ws/src/install/latihanpy_pkg/lib/python3.10/site-packages/latihanpy_pkg
[1.110s] byte-compiling /home/phasya/LW/latihan_ws/src/install/latihanpy_pkg/lib/python3.10/site-packages/latihanpy_pkg/publisher.py to publisher.cpython-310.pyc
[1.110s] byte-compiling /home/phasya/LW/latihan_ws/src/install/latihanpy_pkg/lib/python3.10/site-packages/latihanpy_pkg/subscriber.py to subscriber.cpython-310.pyc
[1.110s] byte-compiling /home/phasya/LW/latihan_ws/src/install/latihanpy_pkg/lib/python3.10/site-packages/latihanpy_pkg/__init__.py to __init__.cpython-310.pyc
[1.112s] running install_data
[1.112s] creating /home/phasya/LW/latihan_ws/src/install/latihanpy_pkg/share/ament_index
[1.112s] creating /home/phasya/LW/latihan_ws/src/install/latihanpy_pkg/share/ament_index/resource_index
[1.112s] creating /home/phasya/LW/latihan_ws/src/install/latihanpy_pkg/share/ament_index/resource_index/packages
[1.112s] copying resource/latihanpy_pkg -> /home/phasya/LW/latihan_ws/src/install/latihanpy_pkg/share/ament_index/resource_index/packages
[1.112s] copying package.xml -> /home/phasya/LW/latihan_ws/src/install/latihanpy_pkg/share/latihanpy_pkg
[1.112s] running install_egg_info
[1.112s] Copying ../build/latihanpy_pkg/latihanpy_pkg.egg-info to /home/phasya/LW/latihan_ws/src/install/latihanpy_pkg/lib/python3.10/site-packages/latihanpy_pkg-0.0.0-py3.10.egg-info
[1.112s] running install_scripts
[1.135s] Installing pub script to /home/phasya/LW/latihan_ws/src/install/latihanpy_pkg/lib/latihanpy_pkg
[1.135s] Installing sub script to /home/phasya/LW/latihan_ws/src/install/latihanpy_pkg/lib/latihanpy_pkg
[1.139s] writing list of installed files to '/home/phasya/LW/latihan_ws/src/build/latihanpy_pkg/install.log'
[1.195s] Invoked command in '/home/phasya/LW/latihan_ws/src/latihanpy_pkg' returned '0': PYTHONPATH=/home/phasya/LW/latihan_ws/src/build/latihanpy_pkg/prefix_override:/usr/lib/python3/dist-packages/colcon_core/task/python/colcon_distutils_commands:/home/phasya/LW/latihan_ws/src/install/latihanpy_pkg/lib/python3.10/site-packages:${PYTHONPATH} /usr/bin/python3 -W ignore:setup.py install is deprecated -W ignore:easy_install command is deprecated setup.py egg_info --egg-base ../build/latihanpy_pkg build --build-base /home/phasya/LW/latihan_ws/src/build/latihanpy_pkg/build install --record /home/phasya/LW/latihan_ws/src/build/latihanpy_pkg/install.log --single-version-externally-managed install_data
