/home/phasya/LW/latihan_ws/src/install/latihanpy_pkg/lib/python3.10/site-packages/latihanpy_pkg/publisher.py
/home/phasya/LW/latihan_ws/src/install/latihanpy_pkg/lib/python3.10/site-packages/latihanpy_pkg/subscriber.py
/home/phasya/LW/latihan_ws/src/install/latihanpy_pkg/lib/python3.10/site-packages/latihanpy_pkg/service.py
/home/phasya/LW/latihan_ws/src/install/latihanpy_pkg/lib/python3.10/site-packages/latihanpy_pkg/client.py
/home/phasya/LW/latihan_ws/src/install/latihanpy_pkg/lib/python3.10/site-packages/latihanpy_pkg/__init__.py
/home/phasya/LW/latihan_ws/src/install/latihanpy_pkg/lib/python3.10/site-packages/latihanpy_pkg/__pycache__/publisher.cpython-310.pyc
/home/phasya/LW/latihan_ws/src/install/latihanpy_pkg/lib/python3.10/site-packages/latihanpy_pkg/__pycache__/subscriber.cpython-310.pyc
/home/phasya/LW/latihan_ws/src/install/latihanpy_pkg/lib/python3.10/site-packages/latihanpy_pkg/__pycache__/service.cpython-310.pyc
/home/phasya/LW/latihan_ws/src/install/latihanpy_pkg/lib/python3.10/site-packages/latihanpy_pkg/__pycache__/client.cpython-310.pyc
/home/phasya/LW/latihan_ws/src/install/latihanpy_pkg/lib/python3.10/site-packages/latihanpy_pkg/__pycache__/__init__.cpython-310.pyc
/home/phasya/LW/latihan_ws/src/install/latihanpy_pkg/share/ament_index/resource_index/packages/latihanpy_pkg
/home/phasya/LW/latihan_ws/src/install/latihanpy_pkg/share/latihanpy_pkg/package.xml
/home/phasya/LW/latihan_ws/src/install/latihanpy_pkg/lib/python3.10/site-packages/latihanpy_pkg-0.0.0-py3.10.egg-info/zip-safe
/home/phasya/LW/latihan_ws/src/install/latihanpy_pkg/lib/python3.10/site-packages/latihanpy_pkg-0.0.0-py3.10.egg-info/SOURCES.txt
/home/phasya/LW/latihan_ws/src/install/latihanpy_pkg/lib/python3.10/site-packages/latihanpy_pkg-0.0.0-py3.10.egg-info/dependency_links.txt
/home/phasya/LW/latihan_ws/src/install/latihanpy_pkg/lib/python3.10/site-packages/latihanpy_pkg-0.0.0-py3.10.egg-info/requires.txt
/home/phasya/LW/latihan_ws/src/install/latihanpy_pkg/lib/python3.10/site-packages/latihanpy_pkg-0.0.0-py3.10.egg-info/PKG-INFO
/home/phasya/LW/latihan_ws/src/install/latihanpy_pkg/lib/python3.10/site-packages/latihanpy_pkg-0.0.0-py3.10.egg-info/top_level.txt
/home/phasya/LW/latihan_ws/src/install/latihanpy_pkg/lib/python3.10/site-packages/latihanpy_pkg-0.0.0-py3.10.egg-info/entry_points.txt
/home/phasya/LW/latihan_ws/src/install/latihanpy_pkg/lib/latihanpy_pkg/client
/home/phasya/LW/latihan_ws/src/install/latihanpy_pkg/lib/latihanpy_pkg/pub
/home/phasya/LW/latihan_ws/src/install/latihanpy_pkg/lib/latihanpy_pkg/service
/home/phasya/LW/latihan_ws/src/install/latihanpy_pkg/lib/latihanpy_pkg/sub
