running egg_info
writing ../../build/latihanpy_pkg/latihanpy_pkg.egg-info/PKG-INFO
writing dependency_links to ../../build/latihanpy_pkg/latihanpy_pkg.egg-info/dependency_links.txt
writing entry points to ../../build/latihanpy_pkg/latihanpy_pkg.egg-info/entry_points.txt
writing requirements to ../../build/latihanpy_pkg/latihanpy_pkg.egg-info/requires.txt
writing top-level names to ../../build/latihanpy_pkg/latihanpy_pkg.egg-info/top_level.txt
reading manifest file '../../build/latihanpy_pkg/latihanpy_pkg.egg-info/SOURCES.txt'
writing manifest file '../../build/latihanpy_pkg/latihanpy_pkg.egg-info/SOURCES.txt'
running build
running build_py
copying latihanpy_pkg/publisher.py -> /home/phasya/LW/latihan_ws/build/latihanpy_pkg/build/lib/latihanpy_pkg
running install
running install_lib
copying /home/phasya/LW/latihan_ws/build/latihanpy_pkg/build/lib/latihanpy_pkg/publisher.py -> /home/phasya/LW/latihan_ws/install/latihanpy_pkg/lib/python3.10/site-packages/latihanpy_pkg
byte-compiling /home/phasya/LW/latihan_ws/install/latihanpy_pkg/lib/python3.10/site-packages/latihanpy_pkg/publisher.py to publisher.cpython-310.pyc
running install_data
running install_egg_info
removing '/home/phasya/LW/latihan_ws/install/latihanpy_pkg/lib/python3.10/site-packages/latihanpy_pkg-0.0.0-py3.10.egg-info' (and everything under it)
Copying ../../build/latihanpy_pkg/latihanpy_pkg.egg-info to /home/phasya/LW/latihan_ws/install/latihanpy_pkg/lib/python3.10/site-packages/latihanpy_pkg-0.0.0-py3.10.egg-info
running install_scripts
Installing pub script to /home/phasya/LW/latihan_ws/install/latihanpy_pkg/lib/latihanpy_pkg
Installing sub script to /home/phasya/LW/latihan_ws/install/latihanpy_pkg/lib/latihanpy_pkg
writing list of installed files to '/home/phasya/LW/latihan_ws/build/latihanpy_pkg/install.log'
