[0.428s] DEBUG:colcon:Command line arguments: ['/usr/bin/colcon', 'build']
[0.429s] DEBUG:colcon:Parsed command line arguments: Namespace(log_base=None, log_level=None, verb_name='build', build_base='build', install_base='install', merge_install=False, symlink_install=False, test_result_base=None, continue_on_error=False, executor='parallel', parallel_workers=4, event_handlers=None, ignore_user_meta=False, metas=['./colcon.meta'], base_paths=['.'], packages_ignore=None, packages_ignore_regex=None, paths=None, packages_up_to=None, packages_up_to_regex=None, packages_above=None, packages_above_and_dependencies=None, packages_above_depth=None, packages_select_by_dep=None, packages_skip_by_dep=None, packages_skip_up_to=None, packages_select_build_failed=False, packages_skip_build_finished=False, packages_select_test_failures=False, packages_skip_test_passed=False, packages_select=None, packages_skip=None, packages_select_regex=None, packages_skip_regex=None, packages_start=None, packages_end=None, allow_overriding=[], cmake_args=None, cmake_target=None, cmake_target_skip_unavailable=False, cmake_clean_cache=False, cmake_clean_first=False, cmake_force_configure=False, ament_cmake_args=None, catkin_cmake_args=None, catkin_skip_building_tests=False, mixin_files=None, mixin=None, verb_parser=<colcon_mixin.mixin.mixin_argument.MixinArgumentDecorator object at 0x79a578165270>, verb_extension=<colcon_core.verb.build.BuildVerb object at 0x79a5781648b0>, main=<bound method BuildVerb.main of <colcon_core.verb.build.BuildVerb object at 0x79a5781648b0>>, mixin_verb=('build',))
[1.058s] Level 1:colcon.colcon_core.package_discovery:discover_packages(colcon_meta) check parameters
[1.059s] Level 1:colcon.colcon_core.package_discovery:discover_packages(recursive) check parameters
[1.059s] Level 1:colcon.colcon_core.package_discovery:discover_packages(ignore) check parameters
[1.059s] Level 1:colcon.colcon_core.package_discovery:discover_packages(path) check parameters
[1.059s] Level 1:colcon.colcon_core.package_discovery:discover_packages(colcon_meta) discover
[1.059s] Level 1:colcon.colcon_core.package_discovery:discover_packages(recursive) discover
[1.059s] INFO:colcon.colcon_core.package_discovery:Crawling recursively for packages in '/home/phasya/quadcopter/prj_ketiga'
[1.060s] Level 1:colcon.colcon_core.package_identification:_identify(.) by extensions ['ignore', 'ignore_ament_install']
[1.060s] Level 1:colcon.colcon_core.package_identification:_identify(.) by extension 'ignore'
[1.060s] Level 1:colcon.colcon_core.package_identification:_identify(.) by extension 'ignore_ament_install'
[1.061s] Level 1:colcon.colcon_core.package_identification:_identify(.) by extensions ['colcon_pkg']
[1.061s] Level 1:colcon.colcon_core.package_identification:_identify(.) by extension 'colcon_pkg'
[1.061s] Level 1:colcon.colcon_core.package_identification:_identify(.) by extensions ['colcon_meta']
[1.061s] Level 1:colcon.colcon_core.package_identification:_identify(.) by extension 'colcon_meta'
[1.061s] Level 1:colcon.colcon_core.package_identification:_identify(.) by extensions ['ros']
[1.061s] Level 1:colcon.colcon_core.package_identification:_identify(.) by extension 'ros'
[1.096s] Level 1:colcon.colcon_core.package_identification:_identify(.) by extensions ['cmake', 'python']
[1.097s] Level 1:colcon.colcon_core.package_identification:_identify(.) by extension 'cmake'
[1.097s] Level 1:colcon.colcon_core.package_identification:_identify(.) by extension 'python'
[1.097s] Level 1:colcon.colcon_core.package_identification:_identify(.) by extensions ['python_setup_py']
[1.097s] Level 1:colcon.colcon_core.package_identification:_identify(.) by extension 'python_setup_py'
[1.097s] Level 1:colcon.colcon_core.package_identification:_identify(build) by extensions ['ignore', 'ignore_ament_install']
[1.098s] Level 1:colcon.colcon_core.package_identification:_identify(build) by extension 'ignore'
[1.098s] Level 1:colcon.colcon_core.package_identification:_identify(build) ignored
[1.098s] Level 1:colcon.colcon_core.package_identification:_identify(install) by extensions ['ignore', 'ignore_ament_install']
[1.098s] Level 1:colcon.colcon_core.package_identification:_identify(install) by extension 'ignore'
[1.098s] Level 1:colcon.colcon_core.package_identification:_identify(install) ignored
[1.099s] Level 1:colcon.colcon_core.package_identification:_identify(log) by extensions ['ignore', 'ignore_ament_install']
[1.099s] Level 1:colcon.colcon_core.package_identification:_identify(log) by extension 'ignore'
[1.099s] Level 1:colcon.colcon_core.package_identification:_identify(log) ignored
[1.099s] Level 1:colcon.colcon_core.package_identification:_identify(src) by extensions ['ignore', 'ignore_ament_install']
[1.100s] Level 1:colcon.colcon_core.package_identification:_identify(src) by extension 'ignore'
[1.100s] Level 1:colcon.colcon_core.package_identification:_identify(src) by extension 'ignore_ament_install'
[1.100s] Level 1:colcon.colcon_core.package_identification:_identify(src) by extensions ['colcon_pkg']
[1.100s] Level 1:colcon.colcon_core.package_identification:_identify(src) by extension 'colcon_pkg'
[1.100s] Level 1:colcon.colcon_core.package_identification:_identify(src) by extensions ['colcon_meta']
[1.101s] Level 1:colcon.colcon_core.package_identification:_identify(src) by extension 'colcon_meta'
[1.101s] Level 1:colcon.colcon_core.package_identification:_identify(src) by extensions ['ros']
[1.101s] Level 1:colcon.colcon_core.package_identification:_identify(src) by extension 'ros'
[1.101s] Level 1:colcon.colcon_core.package_identification:_identify(src) by extensions ['cmake', 'python']
[1.102s] Level 1:colcon.colcon_core.package_identification:_identify(src) by extension 'cmake'
[1.102s] Level 1:colcon.colcon_core.package_identification:_identify(src) by extension 'python'
[1.102s] Level 1:colcon.colcon_core.package_identification:_identify(src) by extensions ['python_setup_py']
[1.102s] Level 1:colcon.colcon_core.package_identification:_identify(src) by extension 'python_setup_py'
[1.102s] Level 1:colcon.colcon_core.package_identification:_identify(src/quadcopter_kestabilan) by extensions ['ignore', 'ignore_ament_install']
[1.103s] Level 1:colcon.colcon_core.package_identification:_identify(src/quadcopter_kestabilan) by extension 'ignore'
[1.103s] Level 1:colcon.colcon_core.package_identification:_identify(src/quadcopter_kestabilan) by extension 'ignore_ament_install'
[1.103s] Level 1:colcon.colcon_core.package_identification:_identify(src/quadcopter_kestabilan) by extensions ['colcon_pkg']
[1.103s] Level 1:colcon.colcon_core.package_identification:_identify(src/quadcopter_kestabilan) by extension 'colcon_pkg'
[1.103s] Level 1:colcon.colcon_core.package_identification:_identify(src/quadcopter_kestabilan) by extensions ['colcon_meta']
[1.103s] Level 1:colcon.colcon_core.package_identification:_identify(src/quadcopter_kestabilan) by extension 'colcon_meta'
[1.103s] Level 1:colcon.colcon_core.package_identification:_identify(src/quadcopter_kestabilan) by extensions ['ros']
[1.104s] Level 1:colcon.colcon_core.package_identification:_identify(src/quadcopter_kestabilan) by extension 'ros'
[1.113s] DEBUG:colcon.colcon_core.package_identification:Package 'src/quadcopter_kestabilan' with type 'ros.ament_python' and name 'quadcopter_kestabilan'
[1.113s] Level 1:colcon.colcon_core.package_discovery:discover_packages(recursive) using defaults
[1.113s] Level 1:colcon.colcon_core.package_discovery:discover_packages(ignore) discover
[1.113s] Level 1:colcon.colcon_core.package_discovery:discover_packages(ignore) using defaults
[1.113s] Level 1:colcon.colcon_core.package_discovery:discover_packages(path) discover
[1.113s] Level 1:colcon.colcon_core.package_discovery:discover_packages(path) using defaults
[1.212s] Level 1:colcon.colcon_core.package_discovery:discover_packages(prefix_path) check parameters
[1.213s] Level 1:colcon.colcon_core.package_discovery:discover_packages(prefix_path) discover
[1.218s] DEBUG:colcon.colcon_installed_package_information.package_discovery:Found 1 installed packages in /home/phasya/LW/latihan_ws/install
[1.222s] DEBUG:colcon.colcon_installed_package_information.package_discovery:Found 276 installed packages in /opt/ros/humble
[1.227s] Level 1:colcon.colcon_core.package_discovery:discover_packages(prefix_path) using defaults
[1.381s] Level 5:colcon.colcon_core.verb:set package 'quadcopter_kestabilan' build argument 'cmake_args' from command line to 'None'
[1.381s] Level 5:colcon.colcon_core.verb:set package 'quadcopter_kestabilan' build argument 'cmake_target' from command line to 'None'
[1.381s] Level 5:colcon.colcon_core.verb:set package 'quadcopter_kestabilan' build argument 'cmake_target_skip_unavailable' from command line to 'False'
[1.381s] Level 5:colcon.colcon_core.verb:set package 'quadcopter_kestabilan' build argument 'cmake_clean_cache' from command line to 'False'
[1.381s] Level 5:colcon.colcon_core.verb:set package 'quadcopter_kestabilan' build argument 'cmake_clean_first' from command line to 'False'
[1.381s] Level 5:colcon.colcon_core.verb:set package 'quadcopter_kestabilan' build argument 'cmake_force_configure' from command line to 'False'
[1.381s] Level 5:colcon.colcon_core.verb:set package 'quadcopter_kestabilan' build argument 'ament_cmake_args' from command line to 'None'
[1.382s] Level 5:colcon.colcon_core.verb:set package 'quadcopter_kestabilan' build argument 'catkin_cmake_args' from command line to 'None'
[1.382s] Level 5:colcon.colcon_core.verb:set package 'quadcopter_kestabilan' build argument 'catkin_skip_building_tests' from command line to 'False'
[1.382s] DEBUG:colcon.colcon_core.verb:Building package 'quadcopter_kestabilan' with the following arguments: {'ament_cmake_args': None, 'build_base': '/home/phasya/quadcopter/prj_ketiga/build/quadcopter_kestabilan', 'catkin_cmake_args': None, 'catkin_skip_building_tests': False, 'cmake_args': None, 'cmake_clean_cache': False, 'cmake_clean_first': False, 'cmake_force_configure': False, 'cmake_target': None, 'cmake_target_skip_unavailable': False, 'install_base': '/home/phasya/quadcopter/prj_ketiga/install/quadcopter_kestabilan', 'merge_install': False, 'path': '/home/phasya/quadcopter/prj_ketiga/src/quadcopter_kestabilan', 'symlink_install': False, 'test_result_base': None}
[1.382s] INFO:colcon.colcon_core.executor:Executing jobs using 'parallel' executor
[1.386s] DEBUG:colcon.colcon_parallel_executor.executor.parallel:run_until_complete
[1.387s] INFO:colcon.colcon_ros.task.ament_python.build:Building ROS package in '/home/phasya/quadcopter/prj_ketiga/src/quadcopter_kestabilan' with build type 'ament_python'
[1.387s] Level 1:colcon.colcon_core.shell:create_environment_hook('quadcopter_kestabilan', 'ament_prefix_path')
[1.395s] INFO:colcon.colcon_core.plugin_system:Skipping extension 'colcon_core.shell.bat': Not used on non-Windows systems
[1.399s] INFO:colcon.colcon_core.shell:Creating environment hook '/home/phasya/quadcopter/prj_ketiga/install/quadcopter_kestabilan/share/quadcopter_kestabilan/hook/ament_prefix_path.ps1'
[1.402s] INFO:colcon.colcon_core.shell:Creating environment descriptor '/home/phasya/quadcopter/prj_ketiga/install/quadcopter_kestabilan/share/quadcopter_kestabilan/hook/ament_prefix_path.dsv'
[1.403s] INFO:colcon.colcon_core.shell:Creating environment hook '/home/phasya/quadcopter/prj_ketiga/install/quadcopter_kestabilan/share/quadcopter_kestabilan/hook/ament_prefix_path.sh'
[1.406s] INFO:colcon.colcon_core.shell:Skip shell extension 'powershell' for command environment: Not usable outside of PowerShell
[1.407s] DEBUG:colcon.colcon_core.shell:Skip shell extension 'dsv' for command environment
[2.468s] INFO:colcon.colcon_core.task.python.build:Building Python package in '/home/phasya/quadcopter/prj_ketiga/src/quadcopter_kestabilan'
[2.469s] INFO:colcon.colcon_core.shell:Skip shell extension 'powershell' for command environment: Not usable outside of PowerShell
[2.469s] DEBUG:colcon.colcon_core.shell:Skip shell extension 'dsv' for command environment
[3.772s] DEBUG:colcon.colcon_core.event_handler.log_command:Invoking command in '/home/phasya/quadcopter/prj_ketiga/src/quadcopter_kestabilan': PYTHONPATH=/home/phasya/quadcopter/prj_ketiga/build/quadcopter_kestabilan/prefix_override:/usr/lib/python3/dist-packages/colcon_core/task/python/colcon_distutils_commands:/home/phasya/quadcopter/prj_ketiga/install/quadcopter_kestabilan/lib/python3.10/site-packages:${PYTHONPATH} /usr/bin/python3 -W ignore:setup.py install is deprecated -W ignore:easy_install command is deprecated setup.py egg_info --egg-base ../../build/quadcopter_kestabilan build --build-base /home/phasya/quadcopter/prj_ketiga/build/quadcopter_kestabilan/build install --record /home/phasya/quadcopter/prj_ketiga/build/quadcopter_kestabilan/install.log --single-version-externally-managed install_data
[4.989s] DEBUG:colcon.colcon_core.event_handler.log_command:Invoked command in '/home/phasya/quadcopter/prj_ketiga/src/quadcopter_kestabilan' returned '0': PYTHONPATH=/home/phasya/quadcopter/prj_ketiga/build/quadcopter_kestabilan/prefix_override:/usr/lib/python3/dist-packages/colcon_core/task/python/colcon_distutils_commands:/home/phasya/quadcopter/prj_ketiga/install/quadcopter_kestabilan/lib/python3.10/site-packages:${PYTHONPATH} /usr/bin/python3 -W ignore:setup.py install is deprecated -W ignore:easy_install command is deprecated setup.py egg_info --egg-base ../../build/quadcopter_kestabilan build --build-base /home/phasya/quadcopter/prj_ketiga/build/quadcopter_kestabilan/build install --record /home/phasya/quadcopter/prj_ketiga/build/quadcopter_kestabilan/install.log --single-version-externally-managed install_data
[4.996s] Level 1:colcon.colcon_core.environment:checking '/home/phasya/quadcopter/prj_ketiga/install/quadcopter_kestabilan' for CMake module files
[4.997s] Level 1:colcon.colcon_core.environment:checking '/home/phasya/quadcopter/prj_ketiga/install/quadcopter_kestabilan' for CMake config files
[4.999s] Level 1:colcon.colcon_core.environment:checking '/home/phasya/quadcopter/prj_ketiga/install/quadcopter_kestabilan/lib'
[5.000s] Level 1:colcon.colcon_core.environment:checking '/home/phasya/quadcopter/prj_ketiga/install/quadcopter_kestabilan/bin'
[5.000s] Level 1:colcon.colcon_core.environment:checking '/home/phasya/quadcopter/prj_ketiga/install/quadcopter_kestabilan/lib/pkgconfig/quadcopter_kestabilan.pc'
[5.001s] Level 1:colcon.colcon_core.environment:checking '/home/phasya/quadcopter/prj_ketiga/install/quadcopter_kestabilan/lib/python3.10/site-packages'
[5.001s] Level 1:colcon.colcon_core.shell:create_environment_hook('quadcopter_kestabilan', 'pythonpath')
[5.003s] INFO:colcon.colcon_core.shell:Creating environment hook '/home/phasya/quadcopter/prj_ketiga/install/quadcopter_kestabilan/share/quadcopter_kestabilan/hook/pythonpath.ps1'
[5.005s] INFO:colcon.colcon_core.shell:Creating environment descriptor '/home/phasya/quadcopter/prj_ketiga/install/quadcopter_kestabilan/share/quadcopter_kestabilan/hook/pythonpath.dsv'
[5.007s] INFO:colcon.colcon_core.shell:Creating environment hook '/home/phasya/quadcopter/prj_ketiga/install/quadcopter_kestabilan/share/quadcopter_kestabilan/hook/pythonpath.sh'
[5.009s] Level 1:colcon.colcon_core.environment:checking '/home/phasya/quadcopter/prj_ketiga/install/quadcopter_kestabilan/bin'
[5.009s] Level 1:colcon.colcon_core.environment:create_environment_scripts_only(quadcopter_kestabilan)
[5.010s] INFO:colcon.colcon_core.shell:Creating package script '/home/phasya/quadcopter/prj_ketiga/install/quadcopter_kestabilan/share/quadcopter_kestabilan/package.ps1'
[5.013s] INFO:colcon.colcon_core.shell:Creating package descriptor '/home/phasya/quadcopter/prj_ketiga/install/quadcopter_kestabilan/share/quadcopter_kestabilan/package.dsv'
[5.014s] INFO:colcon.colcon_core.shell:Creating package script '/home/phasya/quadcopter/prj_ketiga/install/quadcopter_kestabilan/share/quadcopter_kestabilan/package.sh'
[5.016s] INFO:colcon.colcon_core.shell:Creating package script '/home/phasya/quadcopter/prj_ketiga/install/quadcopter_kestabilan/share/quadcopter_kestabilan/package.bash'
[5.020s] INFO:colcon.colcon_core.shell:Creating package script '/home/phasya/quadcopter/prj_ketiga/install/quadcopter_kestabilan/share/quadcopter_kestabilan/package.zsh'
[5.022s] Level 1:colcon.colcon_core.environment:create_file_with_runtime_dependencies(/home/phasya/quadcopter/prj_ketiga/install/quadcopter_kestabilan/share/colcon-core/packages/quadcopter_kestabilan)
[5.024s] DEBUG:colcon.colcon_parallel_executor.executor.parallel:closing loop
[5.025s] DEBUG:colcon.colcon_parallel_executor.executor.parallel:loop closed
[5.026s] DEBUG:colcon.colcon_parallel_executor.executor.parallel:run_until_complete finished with '0'
[5.026s] DEBUG:colcon.colcon_core.event_reactor:joining thread
[5.046s] INFO:colcon.colcon_core.plugin_system:Skipping extension 'colcon_notification.desktop_notification.terminal_notifier': Not used on non-Darwin systems
[5.046s] INFO:colcon.colcon_core.plugin_system:Skipping extension 'colcon_notification.desktop_notification.win32': Not used on non-Windows systems
[5.046s] INFO:colcon.colcon_notification.desktop_notification:Sending desktop notification using 'notify2'
[5.110s] DEBUG:colcon.colcon_core.event_reactor:joined thread
[5.112s] INFO:colcon.colcon_core.shell:Creating prefix script '/home/phasya/quadcopter/prj_ketiga/install/local_setup.ps1'
[5.115s] INFO:colcon.colcon_core.shell:Creating prefix util module '/home/phasya/quadcopter/prj_ketiga/install/_local_setup_util_ps1.py'
[5.119s] INFO:colcon.colcon_core.shell:Creating prefix chain script '/home/phasya/quadcopter/prj_ketiga/install/setup.ps1'
[5.124s] INFO:colcon.colcon_core.shell:Creating prefix script '/home/phasya/quadcopter/prj_ketiga/install/local_setup.sh'
[5.128s] INFO:colcon.colcon_core.shell:Creating prefix util module '/home/phasya/quadcopter/prj_ketiga/install/_local_setup_util_sh.py'
[5.131s] INFO:colcon.colcon_core.shell:Creating prefix chain script '/home/phasya/quadcopter/prj_ketiga/install/setup.sh'
[5.135s] INFO:colcon.colcon_core.shell:Creating prefix script '/home/phasya/quadcopter/prj_ketiga/install/local_setup.bash'
[5.137s] INFO:colcon.colcon_core.shell:Creating prefix chain script '/home/phasya/quadcopter/prj_ketiga/install/setup.bash'
[5.140s] INFO:colcon.colcon_core.shell:Creating prefix script '/home/phasya/quadcopter/prj_ketiga/install/local_setup.zsh'
[5.143s] INFO:colcon.colcon_core.shell:Creating prefix chain script '/home/phasya/quadcopter/prj_ketiga/install/setup.zsh'
